Detected build 37 for folder: unimputed_m
Processing CYP2D6 on chromosome 22...
Intersection completed for CYP2D6. Output saved to CYP2D6_overlap.txt
Processing CYP2B6 on chromosome 19...
Intersection completed for CYP2B6. Output saved to CYP2B6_overlap.txt
Processing SLCO1B1 on chromosome 12...
Intersection completed for SLCO1B1. Output saved to SLCO1B1_overlap.txt
Processing CYP2C9 on chromosome 10...
Intersection completed for CYP2C9. Output saved to CYP2C9_overlap.txt
Processing CYP3A5 on chromosome 7...
Intersection completed for CYP3A5. Output saved to CYP3A5_overlap.txt
Processing CYP3A4 on chromosome 7...
Intersection completed for CYP3A4. Output saved to CYP3A4_overlap.txt
Processing NUDT15 on chromosome 13...
Intersection completed for NUDT15. Output saved to NUDT15_overlap.txt
Processing CYP2C19 on chromosome 10...
Intersection completed for CYP2C19. Output saved to CYP2C19_overlap.txt
Processing CYP4F2 on chromosome 19...
Intersection completed for CYP4F2. Output saved to CYP4F2_overlap.txt
All intersections completed.
Detected build 37 for folder: unimputed_m
Deleted file: /home/courtney.lenz/PGx-Imputation-Analysis/data/output-files/unimputed_m/.gitkeep
Deleted file: /home/courtney.lenz/PGx-Imputation-Analysis/data/output-files/unimputed_m/CYP2C9_overlap.txt
Deleted file: /home/courtney.lenz/PGx-Imputation-Analysis/data/output-files/unimputed_m/CYP2B6_overlap.txt
Deleted file: /home/courtney.lenz/PGx-Imputation-Analysis/data/output-files/unimputed_m/CYP3A4_overlap.txt
Deleted file: /home/courtney.lenz/PGx-Imputation-Analysis/data/output-files/unimputed_m/SLCO1B1_overlap.txt
Deleted file: /home/courtney.lenz/PGx-Imputation-Analysis/data/output-files/unimputed_m/CYP3A5_overlap.txt
Deleted file: /home/courtney.lenz/PGx-Imputation-Analysis/data/output-files/unimputed_m/CYP2D6_overlap.txt
Deleted file: /home/courtney.lenz/PGx-Imputation-Analysis/data/output-files/unimputed_m/CYP2C19_overlap.txt
Deleted file: /home/courtney.lenz/PGx-Imputation-Analysis/data/output-files/unimputed_m/NUDT15_overlap.txt
Deleted file: /home/courtney.lenz/PGx-Imputation-Analysis/data/output-files/unimputed_m/CYP4F2_overlap.txt
Deleted file: /home/courtney.lenz/PGx-Imputation-Analysis/data/output-files/unimputed_m/overlap_all.txt
