Writing to /tmp/bcftools.qEOKnq
Merging 1 temporary files
Cleaning
Done
Lines   total/split/joined/realigned/skipped:	8/0/0/0/0
Writing to /tmp/bcftools.Szfam3
Merging 1 temporary files
Cleaning
Done
Lines   total/split/joined/realigned/skipped:	78/0/0/0/0
Writing to /tmp/bcftools.OfhZ4H
Merging 1 temporary files
Cleaning
Done
Lines   total/split/joined/realigned/skipped:	150/0/0/0/0
Writing to /tmp/bcftools.M4V4Ip
Merging 1 temporary files
Cleaning
Done
Lines   total/split/joined/realigned/skipped:	318/0/0/0/0
Writing to /tmp/bcftools.c2NOfR
Merging 1 temporary files
Cleaning
Done
Lines   total/split/joined/realigned/skipped:	278/0/0/0/0
Writing to /tmp/bcftools.UP9tYW
Merging 1 temporary files
Cleaning
Done
Lines   total/split/joined/realigned/skipped:	476/0/0/0/0
